<?xml version="1.0" encoding="UTF-8"?>
<testsuite xmlns:xsi="http://www.w3.org/2001/XMLSchema-instance" xsi:noNamespaceSchemaLocation="https://maven.apache.org/surefire/maven-surefire-plugin/xsd/surefire-test-report.xsd" name="com.Nekhoroshev.Logger.FileLoggerTest" time="0.044" tests="9" errors="0" skipped="0" failures="0">
  <properties>
[...]
</properties>
  <testcase name="testErrorForLoggerInfo" classname="com.Nekhoroshev.Logger.FileLoggerTest" time="0"/>
  <testcase name="testInfoForLoggerDebug" classname="com.Nekhoroshev.Logger.FileLoggerTest" time="0"/>
  <testcase name="testInfoForLoggerError" classname="com.Nekhoroshev.Logger.FileLoggerTest" time="0.004"/>
  <testcase name="testInfoForLoggerInfo" classname="com.Nekhoroshev.Logger.FileLoggerTest" time="0.007"/>
  <testcase name="testErrorForLoggerDebug" classname="com.Nekhoroshev.Logger.FileLoggerTest" time="0.009"/>
  <testcase name="testErrorForLoggerError" classname="com.Nekhoroshev.Logger.FileLoggerTest" time="0.007"/>
  <testcase name="testDebugForLoggerInfo" classname="com.Nekhoroshev.Logger.FileLoggerTest" time="0.004"/>
  <testcase name="testDebugForLoggerDebug" classname="com.Nekhoroshev.Logger.FileLoggerTest" time="0.004"/>
  <testcase name="testDebugForLoggerError" classname="com.Nekhoroshev.Logger.FileLoggerTest" time="0.003"/>
</testsuite>